<?xml version="1.0" encoding="UTF-8"?>
<testng-results ignored="0" total="1" passed="1" failed="0" skipped="0">
  <reporter-output>
  </reporter-output>
  <suite started-at="2022-06-27T19:44:37 IST" name="Default suite" finished-at="2022-06-27T19:46:02 IST" duration-ms="84195">
    <groups>
    </groups>
    <test started-at="2022-06-27T19:44:37 IST" name="Default test" finished-at="2022-06-27T19:46:02 IST" duration-ms="84195">
      <class name="org.thinkbridge.interview.QuestionNo2.SignUpPage">
        <test-method is-config="true" signature="launchBrowser()[pri:0, instance:org.thinkbridge.interview.QuestionNo2.SignUpPage@73e22a3d]" started-at="2022-06-27T19:44:38 IST" name="launchBrowser" finished-at="2022-06-27T19:45:34 IST" duration-ms="56377" status="PASS">
          <reporter-output>
          </reporter-output>
        </test-method> <!-- launchBrowser -->
        <test-method signature="signUp()[pri:0, instance:org.thinkbridge.interview.QuestionNo2.SignUpPage@73e22a3d]" started-at="2022-06-27T19:45:34 IST" name="signUp" finished-at="2022-06-27T19:45:53 IST" duration-ms="19547" status="PASS">
          <reporter-output>
          </reporter-output>
        </test-method> <!-- signUp -->
        <test-method is-config="true" signature="closeBrowser()[pri:0, instance:org.thinkbridge.interview.QuestionNo2.SignUpPage@73e22a3d]" started-at="2022-06-27T19:45:53 IST" name="closeBrowser" finished-at="2022-06-27T19:46:02 IST" duration-ms="8184" status="PASS">
          <reporter-output>
          </reporter-output>
        </test-method> <!-- closeBrowser -->
      </class> <!-- org.thinkbridge.interview.QuestionNo2.SignUpPage -->
    </test> <!-- Default test -->
  </suite> <!-- Default suite -->
</testng-results>
